
Thu 17 Aug 2023 08:27:20 PM UTC: 
 tests:  0|7
total_score: 0/70
3a52915
Thu 17 Aug 2023 08:27:35 PM UTC: 
 exercises.c | 63 +++++++++++++++++++++++++++++++++++++++++++++++++++++++++----
 1 file changed, 59 insertions(+), 4 deletions(-)
In file included from test.c:1:
exercises.c: In function ‘filterEvenNumbers’:
exercises.c:70:21: error: array subscript is not an integer
   70 |           arregloPar[index] = arr[i];
      |                     ^
exercises.c:70:31: error: ‘arr’ undeclared (first use in this function)
   70 |           arregloPar[index] = arr[i];
      |                               ^~~
exercises.c:70:31: note: each undeclared identifier is reported only once for each function it appears in
exercises.c:77:10: error: ‘result’ undeclared (first use in this function)
   77 |   return result;
      |          ^~~~~~
exercises.c: In function ‘mergeSortedArrays’:
exercises.c:89:7: error: array size missing in ‘arr3’
   89 |   int arr3[];
      |       ^~~~
exercises.c:91:1: error: expected ‘(’ before ‘}’ token
   91 | }
      | ^
      | (
exercises.c:89:7: error: unused variable ‘arr3’ [-Werror=unused-variable]
   89 |   int arr3[];
      |       ^~~~
exercises.c: In function ‘filterEvenNumbers’:
exercises.c:78:1: error: control reaches end of non-void function [-Werror=return-type]
   78 | }
      | ^
cc1: all warnings being treated as errors
Compilation failed
aae4563
Thu 17 Aug 2023 08:28:24 PM UTC: 
 exercises.c | 2 +-
 1 file changed, 1 insertion(+), 1 deletion(-)
In file included from test.c:1:
exercises.c: In function ‘filterEvenNumbers’:
exercises.c:70:30: error: ‘arr’ undeclared (first use in this function)
   70 |           arregloPar[iPos] = arr[i];
      |                              ^~~
exercises.c:70:30: note: each undeclared identifier is reported only once for each function it appears in
exercises.c:77:10: error: ‘result’ undeclared (first use in this function)
   77 |   return result;
      |          ^~~~~~
exercises.c: In function ‘mergeSortedArrays’:
exercises.c:89:7: error: array size missing in ‘arr3’
   89 |   int arr3[];
      |       ^~~~
exercises.c:91:1: error: expected ‘(’ before ‘}’ token
   91 | }
      | ^
      | (
exercises.c:89:7: error: unused variable ‘arr3’ [-Werror=unused-variable]
   89 |   int arr3[];
      |       ^~~~
exercises.c: In function ‘filterEvenNumbers’:
exercises.c:78:1: error: control reaches end of non-void function [-Werror=return-type]
   78 | }
      | ^
cc1: all warnings being treated as errors
Compilation failed
5c537ed
Thu 17 Aug 2023 08:28:45 PM UTC: 
 exercises.c | 2 +-
 1 file changed, 1 insertion(+), 1 deletion(-)
In file included from test.c:1:
exercises.c: In function ‘filterEvenNumbers’:
exercises.c:77:10: error: ‘result’ undeclared (first use in this function)
   77 |   return result;
      |          ^~~~~~
exercises.c:77:10: note: each undeclared identifier is reported only once for each function it appears in
exercises.c: In function ‘mergeSortedArrays’:
exercises.c:89:7: error: array size missing in ‘arr3’
   89 |   int arr3[];
      |       ^~~~
exercises.c:91:1: error: expected ‘(’ before ‘}’ token
   91 | }
      | ^
      | (
exercises.c:89:7: error: unused variable ‘arr3’ [-Werror=unused-variable]
   89 |   int arr3[];
      |       ^~~~
exercises.c: In function ‘filterEvenNumbers’:
exercises.c:78:1: error: control reaches end of non-void function [-Werror=return-type]
   78 | }
      | ^
cc1: all warnings being treated as errors
Compilation failed
8482297
Thu 17 Aug 2023 08:29:34 PM UTC: 
 exercises.c | 2 +-
 1 file changed, 1 insertion(+), 1 deletion(-)
In file included from test.c:1:
exercises.c: In function ‘mergeSortedArrays’:
exercises.c:89:7: error: array size missing in ‘arr3’
   89 |   int arr3[];
      |       ^~~~
exercises.c:91:1: error: expected ‘(’ before ‘}’ token
   91 | }
      | ^
      | (
exercises.c:89:7: error: unused variable ‘arr3’ [-Werror=unused-variable]
   89 |   int arr3[];
      |       ^~~~
cc1: all warnings being treated as errors
Compilation failed
741e573
Thu 17 Aug 2023 08:29:49 PM UTC: 
 exercises.c | 3 +--
 1 file changed, 1 insertion(+), 2 deletions(-)
 tests:  0|4
total_score: 30/70
8814a98
Thu 17 Aug 2023 08:42:58 PM UTC: 
 exercises.c | 4 ++--
 1 file changed, 2 insertions(+), 2 deletions(-)
In file included from test.c:1:
exercises.c: In function ‘filterEvenNumbers’:
exercises.c:70:21: error: array subscript is not an integer
   70 |           arregloPar[index] = arr[i];
      |                     ^
exercises.c:70:31: error: ‘arr’ undeclared (first use in this function)
   70 |           arregloPar[index] = arr[i];
      |                               ^~~
exercises.c:70:31: note: each undeclared identifier is reported only once for each function it appears in
exercises.c:77:10: error: ‘arregloPos’ undeclared (first use in this function); did you mean ‘arregloPar’?
   77 |   return arregloPos;
      |          ^~~~~~~~~~
      |          arregloPar
exercises.c:78:1: error: control reaches end of non-void function [-Werror=return-type]
   78 | }
      | ^
cc1: all warnings being treated as errors
Compilation failed
0ca4a33
Thu 17 Aug 2023 08:43:13 PM UTC: 
 exercises.c | 4 ++--
 1 file changed, 2 insertions(+), 2 deletions(-)
In file included from test.c:1:
exercises.c: In function ‘filterEvenNumbers’:
exercises.c:70:21: error: array subscript is not an integer
   70 |           arregloPar[index] = arreglo[i];
      |                     ^
Compilation failed
c1920b7
Thu 17 Aug 2023 08:43:28 PM UTC: 
 exercises.c | 2 +-
 1 file changed, 1 insertion(+), 1 deletion(-)
 tests:  0|5
total_score: 20/70
3ac2908
Thu 17 Aug 2023 08:43:46 PM UTC: 
 exercises.c | 2 +-
 1 file changed, 1 insertion(+), 1 deletion(-)
In file included from test.c:1:
exercises.c: In function ‘filterEvenNumbers’:
exercises.c:48:21: error: expected expression before ‘;’ token
   48 |   int *arregloPar = ;
      |                     ^
Compilation failed
253830b
Thu 17 Aug 2023 08:43:56 PM UTC: 
 exercises.c | 2 +-
 1 file changed, 1 insertion(+), 1 deletion(-)
 tests:  0|5
total_score: 20/70
14b78a6
Thu 17 Aug 2023 08:45:19 PM UTC: 
 exercises.c | 2 +-
 1 file changed, 1 insertion(+), 1 deletion(-)
 tests:  0|5
total_score: 20/70
fe49336
Thu 17 Aug 2023 08:45:36 PM UTC: 
 exercises.c | 2 +-
 1 file changed, 1 insertion(+), 1 deletion(-)
 tests:  0|5
total_score: 20/70
1439ddb
Thu 17 Aug 2023 08:51:48 PM UTC: 
 exercises.c | 2 +-
 1 file changed, 1 insertion(+), 1 deletion(-)
In file included from test.c:1:
exercises.c: In function ‘filterEvenNumbers’:
exercises.c:60:44: error: passing argument 1 of ‘realloc’ makes pointer from integer without a cast [-Werror=int-conversion]
   60 |     arregloPar = (int *)realloc(*newTamano * sizeof(int));
      |                                 ~~~~~~~~~~~^~~~~~~~~~~~~
      |                                            |
      |                                            long unsigned int
In file included from exercises.c:4,
                 from test.c:1:
/nix/store/4pqv2mwdn88h7xvsm7a5zplrd8sxzvw0-glibc-2.35-163-dev/include/stdlib.h:551:29: note: expected ‘void *’ but argument is of type ‘long unsigned int’
  551 | extern void *realloc (void *__ptr, size_t __size)
      |                       ~~~~~~^~~~~
In file included from test.c:1:
exercises.c:60:25: error: too few arguments to function ‘realloc’
   60 |     arregloPar = (int *)realloc(*newTamano * sizeof(int));
      |                         ^~~~~~~
In file included from exercises.c:4,
                 from test.c:1:
/nix/store/4pqv2mwdn88h7xvsm7a5zplrd8sxzvw0-glibc-2.35-163-dev/include/stdlib.h:551:14: note: declared here
  551 | extern void *realloc (void *__ptr, size_t __size)
      |              ^~~~~~~
cc1: all warnings being treated as errors
Compilation failed
fba8b92
Thu 17 Aug 2023 08:52:07 PM UTC: 
 exercises.c | 2 +-
 1 file changed, 1 insertion(+), 1 deletion(-)
 tests:  0|5
total_score: 20/70
2746869
Thu 17 Aug 2023 08:52:20 PM UTC: 
 exercises.c | 1 -
 1 file changed, 1 deletion(-)
In file included from test.c:1:
exercises.c: In function ‘filterEvenNumbers’:
exercises.c:59:5: error: ‘arregloPar’ undeclared (first use in this function); did you mean ‘arreglo’?
   59 |     arregloPar = (int *)malloc(*newTamano * sizeof(int));
      |     ^~~~~~~~~~
      |     arreglo
exercises.c:59:5: note: each undeclared identifier is reported only once for each function it appears in
exercises.c:77:1: error: control reaches end of non-void function [-Werror=return-type]
   77 | }
      | ^
cc1: all warnings being treated as errors
Compilation failed
3abeda2
Thu 17 Aug 2023 08:52:34 PM UTC: 
 exercises.c | 1 +
 1 file changed, 1 insertion(+)
In file included from test.c:1:
exercises.c: In function ‘filterEvenNumbers’:
exercises.c:49:3: error: expected ‘=’, ‘,’, ‘;’, ‘asm’ or ‘__attribute__’ before ‘*’ token
   49 |   *newTamano = 0;
      |   ^
exercises.c:60:5: error: ‘arregloPar’ undeclared (first use in this function); did you mean ‘arreglo’?
   60 |     arregloPar = (int *)malloc(*newTamano * sizeof(int));
      |     ^~~~~~~~~~
      |     arreglo
exercises.c:60:5: note: each undeclared identifier is reported only once for each function it appears in
exercises.c:78:1: error: control reaches end of non-void function [-Werror=return-type]
   78 | }
      | ^
cc1: all warnings being treated as errors
Compilation failed
6969f4d
Thu 17 Aug 2023 08:52:46 PM UTC: 
 exercises.c | 2 +-
 1 file changed, 1 insertion(+), 1 deletion(-)
In file included from test.c:1:
exercises.c: In function ‘filterEvenNumbers’:
exercises.c:48:9: error: array size missing in ‘arregloPar’
   48 |   int * arregloPar[];
      |         ^~~~~~~~~~
exercises.c:60:16: error: assignment to expression with array type
   60 |     arregloPar = (int *)malloc(*newTamano * sizeof(int));
      |                ^
exercises.c:70:28: error: assignment to ‘int *’ from ‘int’ makes pointer from integer without a cast [-Werror=int-conversion]
   70 |           arregloPar[iPos] = arreglo[i];
      |                            ^
exercises.c:77:10: error: returning ‘int **’ from a function with incompatible return type ‘int *’ [-Werror=incompatible-pointer-types]
   77 |   return arregloPar;
      |          ^~~~~~~~~~
exercises.c:77:10: error: function returns address of local variable [-Werror=return-local-addr]
cc1: all warnings being treated as errors
Compilation failed
dc8529d
Thu 17 Aug 2023 08:53:00 PM UTC: 
 exercises.c | 2 +-
 1 file changed, 1 insertion(+), 1 deletion(-)
 tests:  0|5
total_score: 20/70
55662f7
Fri 18 Aug 2023 10:52:43 PM UTC: 
 exercises.c | 23 +++++++++++++++++++++++
 1 file changed, 23 insertions(+)
In file included from test.c:1:
exercises.c: In function ‘mergeSortedArrays’:
exercises.c:93:27: error: ‘size’ undeclared (first use in this function); did you mean ‘size2’?
   93 |   while( i < size1 && j < size 2)
      |                           ^~~~
      |                           size2
exercises.c:93:27: note: each undeclared identifier is reported only once for each function it appears in
exercises.c:93:31: error: expected ‘)’ before numeric constant
   93 |   while( i < size1 && j < size 2)
      |        ~                      ^~
      |                               )
exercises.c:111:30: error: expected ‘;’ before ‘}’ token
  111 |       result[k++] = arr2[j++]
      |                              ^
      |                              ;
  112 |     }
      |     ~                         
Compilation failed
5204579
Fri 18 Aug 2023 10:52:48 PM UTC: 
 exercises.c | 2 +-
 1 file changed, 1 insertion(+), 1 deletion(-)
In file included from test.c:1:
exercises.c: In function ‘mergeSortedArrays’:
exercises.c:93:27: error: ‘size’ undeclared (first use in this function); did you mean ‘size2’?
   93 |   while( i < size1 && j < size 2)
      |                           ^~~~
      |                           size2
exercises.c:93:27: note: each undeclared identifier is reported only once for each function it appears in
exercises.c:93:31: error: expected ‘)’ before numeric constant
   93 |   while( i < size1 && j < size 2)
      |        ~                      ^~
      |                               )
Compilation failed
3990ec8
Fri 18 Aug 2023 10:55:53 PM UTC: 
 exercises.c | 7 +++++--
 1 file changed, 5 insertions(+), 2 deletions(-)
 tests:  0|3
total_score: 40/70
00dc8b4
Fri 18 Aug 2023 10:56:36 PM UTC: 
 exercises.c | 8 ++++++--
 1 file changed, 6 insertions(+), 2 deletions(-)
 tests:  0|4
total_score: 30/70
4c4be69
Fri 18 Aug 2023 11:03:48 PM UTC: 
 exercises.c | 28 +++++++++++++++++++++++++++-
 1 file changed, 27 insertions(+), 1 deletion(-)
In file included from test.c:1:
exercises.c: In function ‘checkSorted’:
exercises.c:145:21: error: expected ‘)’ before ‘;’ token
  145 |   if(ascendente == 1;)
      |     ~               ^
      |                     )
Compilation failed
c70456b
Fri 18 Aug 2023 11:03:57 PM UTC: 
 exercises.c | 2 +-
 1 file changed, 1 insertion(+), 1 deletion(-)
 tests:  0|3
total_score: 40/70
a1c62cc
Fri 18 Aug 2023 11:13:55 PM UTC: 
 exercises.c | 20 ++++++++++++++++++--
 1 file changed, 18 insertions(+), 2 deletions(-)
In file included from test.c:1:
exercises.c: In function ‘inicializarLibro’:
exercises.c:178:52: error: comparison of distinct pointer types lacks a cast [-Werror]
  178 |   for (i = 0; titulo[i] != '\0' && i < sizeof(libro>titulo) - 1; i++)
      |                                                    ^
exercises.c:185:59: error: ‘autor’ undeclared (first use in this function); did you mean ‘Autor’?
  185 |   for (i = 0; nombreAutor[i] != '\0' && i < sizeof(libro >autor.nombre) - 1; i++)
      |                                                           ^~~~~
      |                                                           Autor
exercises.c:185:59: note: each undeclared identifier is reported only once for each function it appears in
cc1: all warnings being treated as errors
Compilation failed
28be9fb
Fri 18 Aug 2023 11:14:14 PM UTC: 
 exercises.c | 2 +-
 1 file changed, 1 insertion(+), 1 deletion(-)
In file included from test.c:1:
exercises.c: In function ‘inicializarLibro’:
exercises.c:178:52: error: comparison of distinct pointer types lacks a cast [-Werror]
  178 |   for (i = 0; titulo[i] != '\0' && i < sizeof(libro>titulo) - 1; i++)
      |                                                    ^
exercises.c:185:59: error: expected expression before ‘Autor’
  185 |   for (i = 0; nombreAutor[i] != '\0' && i < sizeof(libro >Autor.nombre) - 1; i++)
      |                                                           ^~~~~
cc1: all warnings being treated as errors
Compilation failed
61fdd7b
